{"numFailedTestSuites":0,"numFailedTests":0,"numPassedTestSuites":1,"numPassedTests":6,"numPendingTestSuites":0,"numPendingTests":0,"numRuntimeErrorTestSuites":0,"numTodoTests":0,"numTotalTestSuites":1,"numTotalTests":6,"openHandles":[],"snapshot":{"added":0,"didUpdate":false,"failure":false,"filesAdded":0,"filesRemoved":0,"filesRemovedList":[],"filesUnmatched":0,"filesUpdated":0,"matched":0,"total":0,"unchecked":0,"uncheckedKeysByFile":[],"unmatched":0,"updated":0},"startTime":1766187335242,"success":true,"testResults":[{"assertionResults":[{"ancestorTitles":["Challenge 1 Tests","addBook"],"duration":15,"failureDetails":[],"failureMessages":[],"fullName":"Challenge 1 Tests addBook should add a book and log the correct message","invocations":1,"location":null,"numPassingAsserts":1,"retryReasons":[],"status":"passed","title":"should add a book and log the correct message"},{"ancestorTitles":["Challenge 1 Tests","listBooks"],"duration":6,"failureDetails":[],"failureMessages":[],"fullName":"Challenge 1 Tests listBooks should log all added books","invocations":1,"location":null,"numPassingAsserts":3,"retryReasons":[],"status":"passed","title":"should log all added books"},{"ancestorTitles":["Challenge 1 Tests","searchBook"],"duration":0,"failureDetails":[],"failureMessages":[],"fullName":"Challenge 1 Tests searchBook should prompt for a title if none is provided","invocations":1,"location":null,"numPassingAsserts":1,"retryReasons":[],"status":"passed","title":"should prompt for a title if none is provided"},{"ancestorTitles":["Challenge 1 Tests","searchBook"],"duration":1,"failureDetails":[],"failureMessages":[],"fullName":"Challenge 1 Tests searchBook should log search results if matching books are found","invocations":1,"location":null,"numPassingAsserts":3,"retryReasons":[],"status":"passed","title":"should log search results if matching books are found"},{"ancestorTitles":["Challenge 1 Tests","searchBook"],"duration":1,"failureDetails":[],"failureMessages":[],"fullName":"Challenge 1 Tests searchBook should log a message if no matching books are found","invocations":1,"location":null,"numPassingAsserts":1,"retryReasons":[],"status":"passed","title":"should log a message if no matching books are found"},{"ancestorTitles":["Challenge 1 Tests","searchBook"],"duration":1,"failureDetails":[],"failureMessages":[],"fullName":"Challenge 1 Tests searchBook should perform a case-sensitive search","invocations":1,"location":null,"numPassingAsserts":1,"retryReasons":[],"status":"passed","title":"should perform a case-sensitive search"}],"endTime":1766187342297,"message":"","name":"/mnt/c/Users/Cecep Abdul Hakim/Documents/Challengs/challenge-5-cephakim-1/src/__test__/challenge1.test.ts","startTime":1766187337719,"status":"passed","summary":""}],"wasInterrupted":false}
